# JRE version: Java(TM) SE Runtime Environment (12.0.2+10) (build 12.0.2+10)
# Java VM: Java HotSpot(TM) 64-Bit Server VM (12.0.2+10, mixed mode, sharing, tiered, compressed oops, g1 gc, windows-amd64)
Heap:
 garbage-first heap   total 262144K, used 48901K [0x00000000e0000000, 0x0000000100000000)
  region size 1024K, 13 young (13312K), 13 survivors (13312K)
 Metaspace       used 55878K, capacity 57332K, committed 57468K, reserved 313344K
  class space    used 7423K, capacity 7985K, committed 8060K, reserved 253952K
GC Heap History (10 events):
Event: 16.601 GC heap before
{Heap before GC invocations=4 (full 0):
 garbage-first heap   total 262144K, used 57422K [0x00000000e0000000, 0x0000000100000000)
  region size 1024K, 46 young (47104K), 3 survivors (3072K)
 Metaspace       used 20714K, capacity 21137K, committed 21248K, reserved 272384K
  class space    used 2847K, capacity 3012K, committed 3072K, reserved 253952K
}
Event: 16.650 GC heap after
{Heap after GC invocations=5 (full 0):
 garbage-first heap   total 262144K, used 18079K [0x00000000e0000000, 0x0000000100000000)
  region size 1024K, 6 young (6144K), 6 survivors (6144K)
 Metaspace       used 20714K, capacity 21137K, committed 21248K, reserved 272384K
  class space    used 2847K, capacity 3012K, committed 3072K, reserved 253952K
}
Event: 28.182 GC heap before
{Heap before GC invocations=6 (full 0):
 garbage-first heap   total 262144K, used 78495K [0x00000000e0000000, 0x0000000100000000)
  region size 1024K, 63 young (64512K), 6 survivors (6144K)
 Metaspace       used 27385K, capacity 28006K, committed 28284K, reserved 278528K
  class space    used 3687K, capacity 3911K, committed 3964K, reserved 253952K
}
Event: 28.193 GC heap after
{Heap after GC invocations=7 (full 0):
 garbage-first heap   total 262144K, used 22436K [0x00000000e0000000, 0x0000000100000000)
  region size 1024K, 7 young (7168K), 7 survivors (7168K)
 Metaspace       used 27385K, capacity 28006K, committed 28284K, reserved 278528K
  class space    used 3687K, capacity 3911K, committed 3964K, reserved 253952K
}
Event: 35.023 GC heap before
{Heap before GC invocations=8 (full 0):
 garbage-first heap   total 262144K, used 120740K [0x00000000e0000000, 0x0000000100000000)
  region size 1024K, 99 young (101376K), 7 survivors (7168K)
 Metaspace       used 34161K, capacity 35238K, committed 35580K, reserved 284672K
  class space    used 4658K, capacity 4998K, committed 5116K, reserved 253952K
}
Event: 35.045 GC heap after
{Heap after GC invocations=9 (full 0):
 garbage-first heap   total 262144K, used 36307K [0x00000000e0000000, 0x0000000100000000)
  region size 1024K, 13 young (13312K), 13 survivors (13312K)
 Metaspace       used 34161K, capacity 35238K, committed 35580K, reserved 284672K
  class space    used 4658K, capacity 4998K, committed 5116K, reserved 253952K
}
Event: 38.562 GC heap before
{Heap before GC invocations=9 (full 0):
 garbage-first heap   total 262144K, used 146899K [0x00000000e0000000, 0x0000000100000000)
  region size 1024K, 122 young (124928K), 13 survivors (13312K)
 Metaspace       used 45775K, capacity 46968K, committed 47100K, reserved 294912K
  class space    used 6091K, capacity 6542K, committed 6652K, reserved 253952K
}
Event: 38.589 GC heap after
{Heap after GC invocations=10 (full 0):
 garbage-first heap   total 262144K, used 45880K [0x00000000e0000000, 0x0000000100000000)
  region size 1024K, 10 young (10240K), 10 survivors (10240K)
 Metaspace       used 45775K, capacity 46968K, committed 47100K, reserved 294912K
  class space    used 6091K, capacity 6542K, committed 6652K, reserved 253952K
}
Event: 52.789 GC heap before
{Heap before GC invocations=11 (full 0):
 garbage-first heap   total 262144K, used 120632K [0x00000000e0000000, 0x0000000100000000)
  region size 1024K, 84 young (86016K), 10 survivors (10240K)
 Metaspace       used 55878K, capacity 57332K, committed 57468K, reserved 311296K
  class space    used 7423K, capacity 7985K, committed 8060K, reserved 253952K
}
Event: 52.803 GC heap after
{Heap after GC invocations=12 (full 0):
 garbage-first heap   total 262144K, used 48901K [0x00000000e0000000, 0x0000000100000000)
  region size 1024K, 13 young (13312K), 13 survivors (13312K)
 Metaspace       used 55878K, capacity 57332K, committed 57468K, reserved 311296K
  class space    used 7423K, capacity 7985K, committed 8060K, reserved 253952K
}

